  imgui_addons.cpp
  imgui_impl_dx11.cpp
  imgui_impl_win32.cpp
  imadd.cpp
  imgui.cpp
  imgui_demo.cpp
  imgui_draw.cpp
  imgui_tables.cpp
  imgui_toggle.cpp
  imgui_toggle_palette.cpp
  imgui_toggle_presets.cpp
  imgui_toggle_renderer.cpp
  imgui_widgets.cpp
  imgui_freetype.cpp
  TextEditor.cpp
  detours.cpp
  keybind.cpp
  overlay.cpp
  entry.cpp
  DoubleClick.cpp
  classes.cpp
C:\Users\slava\source\repos\AkvariumMacros\AkvariumMacros\drawing\libs\Microsoft DirectX SDK\Include\detours.cpp(56,32): warning C4311: 'type cast': pointer truncation from 'BYTE *' to 'DWORD'
C:\Users\slava\source\repos\AkvariumMacros\AkvariumMacros\drawing\libs\Microsoft DirectX SDK\Include\detours.cpp(56,32): warning C4302: 'type cast': truncation from 'BYTE *' to 'DWORD'
C:\Users\slava\source\repos\AkvariumMacros\AkvariumMacros\drawing\libs\Microsoft DirectX SDK\Include\detours.cpp(57,21): warning C4311: 'type cast': pointer truncation from 'BYTE *' to 'DWORD'
C:\Users\slava\source\repos\AkvariumMacros\AkvariumMacros\drawing\libs\Microsoft DirectX SDK\Include\detours.cpp(57,21): warning C4302: 'type cast': truncation from 'BYTE *' to 'DWORD'
C:\Users\slava\source\repos\AkvariumMacros\AkvariumMacros\drawing\libs\Microsoft DirectX SDK\Include\dxgitype.h(12,9): warning C4005: 'DXGI_STATUS_OCCLUDED': macro redefinition
  (compiling source file 'drawing/imgui/backends/imgui_impl_dx11.cpp')
      C:\Program Files (x86)\Windows Kits\10\Include\10.0.26100.0\shared\winerror.h(59246,9):
      see previous definition of 'DXGI_STATUS_OCCLUDED'
  
C:\Users\slava\source\repos\AkvariumMacros\AkvariumMacros\drawing\libs\Microsoft DirectX SDK\Include\dxgitype.h(13,9): warning C4005: 'DXGI_STATUS_CLIPPED': macro redefinition
  (compiling source file 'drawing/imgui/backends/imgui_impl_dx11.cpp')
      C:\Program Files (x86)\Windows Kits\10\Include\10.0.26100.0\shared\winerror.h(59255,9):
      see previous definition of 'DXGI_STATUS_CLIPPED'
  
C:\Users\slava\source\repos\AkvariumMacros\AkvariumMacros\drawing\libs\Microsoft DirectX SDK\Include\dxgitype.h(14,9): warning C4005: 'DXGI_STATUS_NO_REDIRECTION': macro redefinition
  (compiling source file 'drawing/imgui/backends/imgui_impl_dx11.cpp')
      C:\Program Files (x86)\Windows Kits\10\Include\10.0.26100.0\shared\winerror.h(59264,9):
      see previous definition of 'DXGI_STATUS_NO_REDIRECTION'
  
C:\Users\slava\source\repos\AkvariumMacros\AkvariumMacros\drawing\libs\Microsoft DirectX SDK\Include\dxgitype.h(15,9): warning C4005: 'DXGI_STATUS_NO_DESKTOP_ACCESS': macro redefinition
  (compiling source file 'drawing/imgui/backends/imgui_impl_dx11.cpp')
      C:\Program Files (x86)\Windows Kits\10\Include\10.0.26100.0\shared\winerror.h(59273,9):
      see previous definition of 'DXGI_STATUS_NO_DESKTOP_ACCESS'
  
C:\Users\slava\source\repos\AkvariumMacros\AkvariumMacros\drawing\libs\Microsoft DirectX SDK\Include\dxgitype.h(16,9): warning C4005: 'DXGI_STATUS_GRAPHICS_VIDPN_SOURCE_IN_USE': macro redefinition
  (compiling source file 'drawing/imgui/backends/imgui_impl_dx11.cpp')
      C:\Program Files (x86)\Windows Kits\10\Include\10.0.26100.0\shared\winerror.h(59282,9):
      see previous definition of 'DXGI_STATUS_GRAPHICS_VIDPN_SOURCE_IN_USE'
  
C:\Users\slava\source\repos\AkvariumMacros\AkvariumMacros\drawing\libs\Microsoft DirectX SDK\Include\dxgitype.h(17,9): warning C4005: 'DXGI_STATUS_MODE_CHANGED': macro redefinition
  (compiling source file 'drawing/imgui/backends/imgui_impl_dx11.cpp')
      C:\Program Files (x86)\Windows Kits\10\Include\10.0.26100.0\shared\winerror.h(59291,9):
      see previous definition of 'DXGI_STATUS_MODE_CHANGED'
  
C:\Users\slava\source\repos\AkvariumMacros\AkvariumMacros\drawing\libs\Microsoft DirectX SDK\Include\dxgitype.h(18,9): warning C4005: 'DXGI_STATUS_MODE_CHANGE_IN_PROGRESS': macro redefinition
  (compiling source file 'drawing/imgui/backends/imgui_impl_dx11.cpp')
      C:\Program Files (x86)\Windows Kits\10\Include\10.0.26100.0\shared\winerror.h(59300,9):
      see previous definition of 'DXGI_STATUS_MODE_CHANGE_IN_PROGRESS'
  
C:\Users\slava\source\repos\AkvariumMacros\AkvariumMacros\drawing\libs\Microsoft DirectX SDK\Include\dxgitype.h(21,9): warning C4005: 'DXGI_ERROR_INVALID_CALL': macro redefinition
  (compiling source file 'drawing/imgui/backends/imgui_impl_dx11.cpp')
      C:\Program Files (x86)\Windows Kits\10\Include\10.0.26100.0\shared\winerror.h(59315,9):
      see previous definition of 'DXGI_ERROR_INVALID_CALL'
  
C:\Users\slava\source\repos\AkvariumMacros\AkvariumMacros\drawing\libs\Microsoft DirectX SDK\Include\dxgitype.h(22,9): warning C4005: 'DXGI_ERROR_NOT_FOUND': macro redefinition
  (compiling source file 'drawing/imgui/backends/imgui_impl_dx11.cpp')
      C:\Program Files (x86)\Windows Kits\10\Include\10.0.26100.0\shared\winerror.h(59324,9):
      see previous definition of 'DXGI_ERROR_NOT_FOUND'
  
C:\Users\slava\source\repos\AkvariumMacros\AkvariumMacros\drawing\libs\Microsoft DirectX SDK\Include\dxgitype.h(23,9): warning C4005: 'DXGI_ERROR_MORE_DATA': macro redefinition
  (compiling source file 'drawing/imgui/backends/imgui_impl_dx11.cpp')
      C:\Program Files (x86)\Windows Kits\10\Include\10.0.26100.0\shared\winerror.h(59333,9):
      see previous definition of 'DXGI_ERROR_MORE_DATA'
  
C:\Users\slava\source\repos\AkvariumMacros\AkvariumMacros\drawing\libs\Microsoft DirectX SDK\Include\dxgitype.h(24,9): warning C4005: 'DXGI_ERROR_UNSUPPORTED': macro redefinition
  (compiling source file 'drawing/imgui/backends/imgui_impl_dx11.cpp')
      C:\Program Files (x86)\Windows Kits\10\Include\10.0.26100.0\shared\winerror.h(59342,9):
      see previous definition of 'DXGI_ERROR_UNSUPPORTED'
  
C:\Users\slava\source\repos\AkvariumMacros\AkvariumMacros\drawing\libs\Microsoft DirectX SDK\Include\dxgitype.h(25,9): warning C4005: 'DXGI_ERROR_DEVICE_REMOVED': macro redefinition
  (compiling source file 'drawing/imgui/backends/imgui_impl_dx11.cpp')
      C:\Program Files (x86)\Windows Kits\10\Include\10.0.26100.0\shared\winerror.h(59351,9):
      see previous definition of 'DXGI_ERROR_DEVICE_REMOVED'
  
C:\Users\slava\source\repos\AkvariumMacros\AkvariumMacros\drawing\libs\Microsoft DirectX SDK\Include\dxgitype.h(26,9): warning C4005: 'DXGI_ERROR_DEVICE_HUNG': macro redefinition
  (compiling source file 'drawing/imgui/backends/imgui_impl_dx11.cpp')
      C:\Program Files (x86)\Windows Kits\10\Include\10.0.26100.0\shared\winerror.h(59360,9):
      see previous definition of 'DXGI_ERROR_DEVICE_HUNG'
  
C:\Users\slava\source\repos\AkvariumMacros\AkvariumMacros\drawing\libs\Microsoft DirectX SDK\Include\dxgitype.h(27,9): warning C4005: 'DXGI_ERROR_DEVICE_RESET': macro redefinition
  (compiling source file 'drawing/imgui/backends/imgui_impl_dx11.cpp')
      C:\Program Files (x86)\Windows Kits\10\Include\10.0.26100.0\shared\winerror.h(59370,9):
      see previous definition of 'DXGI_ERROR_DEVICE_RESET'
  
C:\Users\slava\source\repos\AkvariumMacros\AkvariumMacros\drawing\libs\Microsoft DirectX SDK\Include\dxgitype.h(28,9): warning C4005: 'DXGI_ERROR_WAS_STILL_DRAWING': macro redefinition
  (compiling source file 'drawing/imgui/backends/imgui_impl_dx11.cpp')
      C:\Program Files (x86)\Windows Kits\10\Include\10.0.26100.0\shared\winerror.h(59379,9):
      see previous definition of 'DXGI_ERROR_WAS_STILL_DRAWING'
  
C:\Users\slava\source\repos\AkvariumMacros\AkvariumMacros\drawing\libs\Microsoft DirectX SDK\Include\dxgitype.h(29,9): warning C4005: 'DXGI_ERROR_FRAME_STATISTICS_DISJOINT': macro redefinition
  (compiling source file 'drawing/imgui/backends/imgui_impl_dx11.cpp')
      C:\Program Files (x86)\Windows Kits\10\Include\10.0.26100.0\shared\winerror.h(59389,9):
      see previous definition of 'DXGI_ERROR_FRAME_STATISTICS_DISJOINT'
  
C:\Users\slava\source\repos\AkvariumMacros\AkvariumMacros\drawing\libs\Microsoft DirectX SDK\Include\dxgitype.h(30,9): warning C4005: 'DXGI_ERROR_GRAPHICS_VIDPN_SOURCE_IN_USE': macro redefinition
  (compiling source file 'drawing/imgui/backends/imgui_impl_dx11.cpp')
      C:\Program Files (x86)\Windows Kits\10\Include\10.0.26100.0\shared\winerror.h(59398,9):
      see previous definition of 'DXGI_ERROR_GRAPHICS_VIDPN_SOURCE_IN_USE'
  
C:\Users\slava\source\repos\AkvariumMacros\AkvariumMacros\drawing\libs\Microsoft DirectX SDK\Include\dxgitype.h(31,9): warning C4005: 'DXGI_ERROR_DRIVER_INTERNAL_ERROR': macro redefinition
  (compiling source file 'drawing/imgui/backends/imgui_impl_dx11.cpp')
      C:\Program Files (x86)\Windows Kits\10\Include\10.0.26100.0\shared\winerror.h(59408,9):
      see previous definition of 'DXGI_ERROR_DRIVER_INTERNAL_ERROR'
  
C:\Users\slava\source\repos\AkvariumMacros\AkvariumMacros\drawing\libs\Microsoft DirectX SDK\Include\dxgitype.h(32,9): warning C4005: 'DXGI_ERROR_NONEXCLUSIVE': macro redefinition
  (compiling source file 'drawing/imgui/backends/imgui_impl_dx11.cpp')
      C:\Program Files (x86)\Windows Kits\10\Include\10.0.26100.0\shared\winerror.h(59417,9):
      see previous definition of 'DXGI_ERROR_NONEXCLUSIVE'
  
C:\Users\slava\source\repos\AkvariumMacros\AkvariumMacros\drawing\libs\Microsoft DirectX SDK\Include\dxgitype.h(33,9): warning C4005: 'DXGI_ERROR_NOT_CURRENTLY_AVAILABLE': macro redefinition
  (compiling source file 'drawing/imgui/backends/imgui_impl_dx11.cpp')
      C:\Program Files (x86)\Windows Kits\10\Include\10.0.26100.0\shared\winerror.h(59426,9):
      see previous definition of 'DXGI_ERROR_NOT_CURRENTLY_AVAILABLE'
  
C:\Users\slava\source\repos\AkvariumMacros\AkvariumMacros\drawing\libs\Microsoft DirectX SDK\Include\dxgitype.h(34,9): warning C4005: 'DXGI_ERROR_REMOTE_CLIENT_DISCONNECTED': macro redefinition
  (compiling source file 'drawing/imgui/backends/imgui_impl_dx11.cpp')
      C:\Program Files (x86)\Windows Kits\10\Include\10.0.26100.0\shared\winerror.h(59436,9):
      see previous definition of 'DXGI_ERROR_REMOTE_CLIENT_DISCONNECTED'
  
C:\Users\slava\source\repos\AkvariumMacros\AkvariumMacros\drawing\libs\Microsoft DirectX SDK\Include\dxgitype.h(35,9): warning C4005: 'DXGI_ERROR_REMOTE_OUTOFMEMORY': macro redefinition
  (compiling source file 'drawing/imgui/backends/imgui_impl_dx11.cpp')
      C:\Program Files (x86)\Windows Kits\10\Include\10.0.26100.0\shared\winerror.h(59445,9):
      see previous definition of 'DXGI_ERROR_REMOTE_OUTOFMEMORY'
  
C:\Users\slava\source\repos\AkvariumMacros\AkvariumMacros\drawing\libs\Microsoft DirectX SDK\Include\d3d11.h(917,9): warning C4005: 'D3D11_ERROR_TOO_MANY_UNIQUE_STATE_OBJECTS': macro redefinition
  (compiling source file 'drawing/imgui/backends/imgui_impl_dx11.cpp')
      C:\Program Files (x86)\Windows Kits\10\Include\10.0.26100.0\shared\winerror.h(59760,9):
      see previous definition of 'D3D11_ERROR_TOO_MANY_UNIQUE_STATE_OBJECTS'
  
C:\Users\slava\source\repos\AkvariumMacros\AkvariumMacros\drawing\libs\Microsoft DirectX SDK\Include\d3d11.h(918,9): warning C4005: 'D3D11_ERROR_FILE_NOT_FOUND': macro redefinition
  (compiling source file 'drawing/imgui/backends/imgui_impl_dx11.cpp')
      C:\Program Files (x86)\Windows Kits\10\Include\10.0.26100.0\shared\winerror.h(59769,9):
      see previous definition of 'D3D11_ERROR_FILE_NOT_FOUND'
  
C:\Users\slava\source\repos\AkvariumMacros\AkvariumMacros\drawing\libs\Microsoft DirectX SDK\Include\d3d11.h(919,9): warning C4005: 'D3D11_ERROR_TOO_MANY_UNIQUE_VIEW_OBJECTS': macro redefinition
  (compiling source file 'drawing/imgui/backends/imgui_impl_dx11.cpp')
      C:\Program Files (x86)\Windows Kits\10\Include\10.0.26100.0\shared\winerror.h(59779,9):
      see previous definition of 'D3D11_ERROR_TOO_MANY_UNIQUE_VIEW_OBJECTS'
  
C:\Users\slava\source\repos\AkvariumMacros\AkvariumMacros\drawing\libs\Microsoft DirectX SDK\Include\d3d11.h(920,9): warning C4005: 'D3D11_ERROR_DEFERRED_CONTEXT_MAP_WITHOUT_INITIAL_DISCARD': macro redefinition
  (compiling source file 'drawing/imgui/backends/imgui_impl_dx11.cpp')
      C:\Program Files (x86)\Windows Kits\10\Include\10.0.26100.0\shared\winerror.h(59788,9):
      see previous definition of 'D3D11_ERROR_DEFERRED_CONTEXT_MAP_WITHOUT_INITIAL_DISCARD'
  
C:\Users\slava\source\repos\AkvariumMacros\AkvariumMacros\drawing\libs\Microsoft DirectX SDK\Include\d3d10.h(608,9): warning C4005: 'D3D10_ERROR_TOO_MANY_UNIQUE_STATE_OBJECTS': macro redefinition
  (compiling source file 'drawing/imgui/backends/imgui_impl_dx11.cpp')
      C:\Program Files (x86)\Windows Kits\10\Include\10.0.26100.0\shared\winerror.h(59736,9):
      see previous definition of 'D3D10_ERROR_TOO_MANY_UNIQUE_STATE_OBJECTS'
  
C:\Users\slava\source\repos\AkvariumMacros\AkvariumMacros\drawing\libs\Microsoft DirectX SDK\Include\d3d10.h(609,9): warning C4005: 'D3D10_ERROR_FILE_NOT_FOUND': macro redefinition
  (compiling source file 'drawing/imgui/backends/imgui_impl_dx11.cpp')
      C:\Program Files (x86)\Windows Kits\10\Include\10.0.26100.0\shared\winerror.h(59745,9):
      see previous definition of 'D3D10_ERROR_FILE_NOT_FOUND'
  
C:\Users\slava\source\repos\AkvariumMacros\AkvariumMacros\drawing\imgui\addons\imgui_addons.cpp(234,45): warning C4244: 'argument': conversion from 'int' to 'float', possible loss of data
C:\Users\slava\source\repos\AkvariumMacros\AkvariumMacros\drawing\imgui\addons\imgui_addons.cpp(234,35): warning C4244: 'argument': conversion from 'int' to 'float', possible loss of data
C:\Users\slava\source\repos\AkvariumMacros\AkvariumMacros\drawing\imgui\addons\imgui_addons.cpp(446,60): warning C4244: 'argument': conversion from 'int' to 'float', possible loss of data
C:\Users\slava\source\repos\AkvariumMacros\AkvariumMacros\drawing\imgui\addons\imgui_addons.cpp(446,57): warning C4244: 'argument': conversion from 'int' to 'float', possible loss of data
C:\Users\slava\source\repos\AkvariumMacros\AkvariumMacros\drawing\imgui\addons\imgui_addons.cpp(605,60): warning C4244: 'argument': conversion from 'int' to 'float', possible loss of data
C:\Users\slava\source\repos\AkvariumMacros\AkvariumMacros\drawing\imgui\addons\imgui_addons.cpp(605,57): warning C4244: 'argument': conversion from 'int' to 'float', possible loss of data
C:\Users\slava\source\repos\AkvariumMacros\AkvariumMacros\drawing\imgui\addons\imgui_addons.cpp(852,23): warning C4244: 'initializing': conversion from 'double' to 'float', possible loss of data
C:\Users\slava\source\repos\AkvariumMacros\AkvariumMacros\drawing\overlay\keybind\keybind.h(19,17): warning C4091: 'static ': ignored on left of 'keybind::c_keybind_type' when no variable is declared
  (compiling source file 'drawing/overlay/keybind/keybind.cpp')
  
C:\Users\slava\source\repos\AkvariumMacros\AkvariumMacros\drawing\overlay\keybind\keybind.h(19,17): warning C4091: 'static ': ignored on left of 'keybind::c_keybind_type' when no variable is declared
  (compiling source file 'drawing/overlay/overlay.cpp')
  
C:\Users\slava\source\repos\AkvariumMacros\AkvariumMacros\util\notification\notification.h(7,9): warning C4005: 'max': macro redefinition
  (compiling source file 'drawing/overlay/overlay.cpp')
      C:\Program Files (x86)\Windows Kits\10\Include\10.0.26100.0\shared\minwindef.h(193,9):
      see previous definition of 'max'
  
C:\Users\slava\source\repos\AkvariumMacros\AkvariumMacros\util\notification\notification.h(9,9): warning C4005: 'min': macro redefinition
  (compiling source file 'drawing/overlay/overlay.cpp')
      C:\Program Files (x86)\Windows Kits\10\Include\10.0.26100.0\shared\minwindef.h(197,9):
      see previous definition of 'min'
  
C:\Users\slava\source\repos\AkvariumMacros\AkvariumMacros\drawing\overlay\keybind\keybind.h(19,17): warning C4091: 'static ': ignored on left of 'keybind::c_keybind_type' when no variable is declared
  (compiling source file 'util/classes/startup/classes.cpp')
  
C:\Users\slava\source\repos\AkvariumMacros\AkvariumMacros\drawing\libs\Microsoft DirectX SDK\Include\dxgitype.h(12,9): warning C4005: 'DXGI_STATUS_OCCLUDED': macro redefinition
  (compiling source file 'drawing/overlay/overlay.cpp')
      C:\Program Files (x86)\Windows Kits\10\Include\10.0.26100.0\shared\winerror.h(59246,9):
      see previous definition of 'DXGI_STATUS_OCCLUDED'
  
C:\Users\slava\source\repos\AkvariumMacros\AkvariumMacros\drawing\libs\Microsoft DirectX SDK\Include\dxgitype.h(13,9): warning C4005: 'DXGI_STATUS_CLIPPED': macro redefinition
  (compiling source file 'drawing/overlay/overlay.cpp')
      C:\Program Files (x86)\Windows Kits\10\Include\10.0.26100.0\shared\winerror.h(59255,9):
      see previous definition of 'DXGI_STATUS_CLIPPED'
  
C:\Users\slava\source\repos\AkvariumMacros\AkvariumMacros\drawing\libs\Microsoft DirectX SDK\Include\dxgitype.h(14,9): warning C4005: 'DXGI_STATUS_NO_REDIRECTION': macro redefinition
  (compiling source file 'drawing/overlay/overlay.cpp')
      C:\Program Files (x86)\Windows Kits\10\Include\10.0.26100.0\shared\winerror.h(59264,9):
      see previous definition of 'DXGI_STATUS_NO_REDIRECTION'
  
C:\Users\slava\source\repos\AkvariumMacros\AkvariumMacros\drawing\libs\Microsoft DirectX SDK\Include\dxgitype.h(15,9): warning C4005: 'DXGI_STATUS_NO_DESKTOP_ACCESS': macro redefinition
  (compiling source file 'drawing/overlay/overlay.cpp')
      C:\Program Files (x86)\Windows Kits\10\Include\10.0.26100.0\shared\winerror.h(59273,9):
      see previous definition of 'DXGI_STATUS_NO_DESKTOP_ACCESS'
  
C:\Users\slava\source\repos\AkvariumMacros\AkvariumMacros\drawing\libs\Microsoft DirectX SDK\Include\dxgitype.h(16,9): warning C4005: 'DXGI_STATUS_GRAPHICS_VIDPN_SOURCE_IN_USE': macro redefinition
  (compiling source file 'drawing/overlay/overlay.cpp')
      C:\Program Files (x86)\Windows Kits\10\Include\10.0.26100.0\shared\winerror.h(59282,9):
      see previous definition of 'DXGI_STATUS_GRAPHICS_VIDPN_SOURCE_IN_USE'
  
C:\Users\slava\source\repos\AkvariumMacros\AkvariumMacros\drawing\libs\Microsoft DirectX SDK\Include\dxgitype.h(17,9): warning C4005: 'DXGI_STATUS_MODE_CHANGED': macro redefinition
  (compiling source file 'drawing/overlay/overlay.cpp')
      C:\Program Files (x86)\Windows Kits\10\Include\10.0.26100.0\shared\winerror.h(59291,9):
      see previous definition of 'DXGI_STATUS_MODE_CHANGED'
  
C:\Users\slava\source\repos\AkvariumMacros\AkvariumMacros\drawing\libs\Microsoft DirectX SDK\Include\dxgitype.h(18,9): warning C4005: 'DXGI_STATUS_MODE_CHANGE_IN_PROGRESS': macro redefinition
  (compiling source file 'drawing/overlay/overlay.cpp')
      C:\Program Files (x86)\Windows Kits\10\Include\10.0.26100.0\shared\winerror.h(59300,9):
      see previous definition of 'DXGI_STATUS_MODE_CHANGE_IN_PROGRESS'
  
C:\Users\slava\source\repos\AkvariumMacros\AkvariumMacros\drawing\libs\Microsoft DirectX SDK\Include\dxgitype.h(21,9): warning C4005: 'DXGI_ERROR_INVALID_CALL': macro redefinition
  (compiling source file 'drawing/overlay/overlay.cpp')
      C:\Program Files (x86)\Windows Kits\10\Include\10.0.26100.0\shared\winerror.h(59315,9):
      see previous definition of 'DXGI_ERROR_INVALID_CALL'
  
C:\Users\slava\source\repos\AkvariumMacros\AkvariumMacros\drawing\libs\Microsoft DirectX SDK\Include\dxgitype.h(22,9): warning C4005: 'DXGI_ERROR_NOT_FOUND': macro redefinition
  (compiling source file 'drawing/overlay/overlay.cpp')
      C:\Program Files (x86)\Windows Kits\10\Include\10.0.26100.0\shared\winerror.h(59324,9):
      see previous definition of 'DXGI_ERROR_NOT_FOUND'
  
C:\Users\slava\source\repos\AkvariumMacros\AkvariumMacros\drawing\libs\Microsoft DirectX SDK\Include\dxgitype.h(23,9): warning C4005: 'DXGI_ERROR_MORE_DATA': macro redefinition
  (compiling source file 'drawing/overlay/overlay.cpp')
      C:\Program Files (x86)\Windows Kits\10\Include\10.0.26100.0\shared\winerror.h(59333,9):
      see previous definition of 'DXGI_ERROR_MORE_DATA'
  
C:\Users\slava\source\repos\AkvariumMacros\AkvariumMacros\drawing\libs\Microsoft DirectX SDK\Include\dxgitype.h(24,9): warning C4005: 'DXGI_ERROR_UNSUPPORTED': macro redefinition
  (compiling source file 'drawing/overlay/overlay.cpp')
      C:\Program Files (x86)\Windows Kits\10\Include\10.0.26100.0\shared\winerror.h(59342,9):
      see previous definition of 'DXGI_ERROR_UNSUPPORTED'
  
C:\Users\slava\source\repos\AkvariumMacros\AkvariumMacros\drawing\libs\Microsoft DirectX SDK\Include\dxgitype.h(25,9): warning C4005: 'DXGI_ERROR_DEVICE_REMOVED': macro redefinition
  (compiling source file 'drawing/overlay/overlay.cpp')
      C:\Program Files (x86)\Windows Kits\10\Include\10.0.26100.0\shared\winerror.h(59351,9):
      see previous definition of 'DXGI_ERROR_DEVICE_REMOVED'
  
C:\Users\slava\source\repos\AkvariumMacros\AkvariumMacros\drawing\libs\Microsoft DirectX SDK\Include\dxgitype.h(26,9): warning C4005: 'DXGI_ERROR_DEVICE_HUNG': macro redefinition
  (compiling source file 'drawing/overlay/overlay.cpp')
      C:\Program Files (x86)\Windows Kits\10\Include\10.0.26100.0\shared\winerror.h(59360,9):
      see previous definition of 'DXGI_ERROR_DEVICE_HUNG'
  
C:\Users\slava\source\repos\AkvariumMacros\AkvariumMacros\drawing\libs\Microsoft DirectX SDK\Include\dxgitype.h(27,9): warning C4005: 'DXGI_ERROR_DEVICE_RESET': macro redefinition
  (compiling source file 'drawing/overlay/overlay.cpp')
      C:\Program Files (x86)\Windows Kits\10\Include\10.0.26100.0\shared\winerror.h(59370,9):
      see previous definition of 'DXGI_ERROR_DEVICE_RESET'
  
C:\Users\slava\source\repos\AkvariumMacros\AkvariumMacros\drawing\libs\Microsoft DirectX SDK\Include\dxgitype.h(28,9): warning C4005: 'DXGI_ERROR_WAS_STILL_DRAWING': macro redefinition
  (compiling source file 'drawing/overlay/overlay.cpp')
      C:\Program Files (x86)\Windows Kits\10\Include\10.0.26100.0\shared\winerror.h(59379,9):
      see previous definition of 'DXGI_ERROR_WAS_STILL_DRAWING'
  
C:\Users\slava\source\repos\AkvariumMacros\AkvariumMacros\drawing\libs\Microsoft DirectX SDK\Include\dxgitype.h(29,9): warning C4005: 'DXGI_ERROR_FRAME_STATISTICS_DISJOINT': macro redefinition
  (compiling source file 'drawing/overlay/overlay.cpp')
      C:\Program Files (x86)\Windows Kits\10\Include\10.0.26100.0\shared\winerror.h(59389,9):
      see previous definition of 'DXGI_ERROR_FRAME_STATISTICS_DISJOINT'
  
C:\Users\slava\source\repos\AkvariumMacros\AkvariumMacros\drawing\libs\Microsoft DirectX SDK\Include\dxgitype.h(30,9): warning C4005: 'DXGI_ERROR_GRAPHICS_VIDPN_SOURCE_IN_USE': macro redefinition
  (compiling source file 'drawing/overlay/overlay.cpp')
      C:\Program Files (x86)\Windows Kits\10\Include\10.0.26100.0\shared\winerror.h(59398,9):
      see previous definition of 'DXGI_ERROR_GRAPHICS_VIDPN_SOURCE_IN_USE'
  
C:\Users\slava\source\repos\AkvariumMacros\AkvariumMacros\drawing\libs\Microsoft DirectX SDK\Include\dxgitype.h(31,9): warning C4005: 'DXGI_ERROR_DRIVER_INTERNAL_ERROR': macro redefinition
  (compiling source file 'drawing/overlay/overlay.cpp')
      C:\Program Files (x86)\Windows Kits\10\Include\10.0.26100.0\shared\winerror.h(59408,9):
      see previous definition of 'DXGI_ERROR_DRIVER_INTERNAL_ERROR'
  
C:\Users\slava\source\repos\AkvariumMacros\AkvariumMacros\drawing\libs\Microsoft DirectX SDK\Include\dxgitype.h(32,9): warning C4005: 'DXGI_ERROR_NONEXCLUSIVE': macro redefinition
  (compiling source file 'drawing/overlay/overlay.cpp')
      C:\Program Files (x86)\Windows Kits\10\Include\10.0.26100.0\shared\winerror.h(59417,9):
      see previous definition of 'DXGI_ERROR_NONEXCLUSIVE'
  
C:\Users\slava\source\repos\AkvariumMacros\AkvariumMacros\drawing\libs\Microsoft DirectX SDK\Include\dxgitype.h(33,9): warning C4005: 'DXGI_ERROR_NOT_CURRENTLY_AVAILABLE': macro redefinition
  (compiling source file 'drawing/overlay/overlay.cpp')
      C:\Program Files (x86)\Windows Kits\10\Include\10.0.26100.0\shared\winerror.h(59426,9):
      see previous definition of 'DXGI_ERROR_NOT_CURRENTLY_AVAILABLE'
  
C:\Users\slava\source\repos\AkvariumMacros\AkvariumMacros\drawing\libs\Microsoft DirectX SDK\Include\dxgitype.h(34,9): warning C4005: 'DXGI_ERROR_REMOTE_CLIENT_DISCONNECTED': macro redefinition
  (compiling source file 'drawing/overlay/overlay.cpp')
      C:\Program Files (x86)\Windows Kits\10\Include\10.0.26100.0\shared\winerror.h(59436,9):
      see previous definition of 'DXGI_ERROR_REMOTE_CLIENT_DISCONNECTED'
  
C:\Users\slava\source\repos\AkvariumMacros\AkvariumMacros\drawing\libs\Microsoft DirectX SDK\Include\dxgitype.h(35,9): warning C4005: 'DXGI_ERROR_REMOTE_OUTOFMEMORY': macro redefinition
  (compiling source file 'drawing/overlay/overlay.cpp')
      C:\Program Files (x86)\Windows Kits\10\Include\10.0.26100.0\shared\winerror.h(59445,9):
      see previous definition of 'DXGI_ERROR_REMOTE_OUTOFMEMORY'
  
C:\Users\slava\source\repos\AkvariumMacros\AkvariumMacros\drawing\libs\Microsoft DirectX SDK\Include\d3d11.h(917,9): warning C4005: 'D3D11_ERROR_TOO_MANY_UNIQUE_STATE_OBJECTS': macro redefinition
  (compiling source file 'drawing/overlay/overlay.cpp')
      C:\Program Files (x86)\Windows Kits\10\Include\10.0.26100.0\shared\winerror.h(59760,9):
      see previous definition of 'D3D11_ERROR_TOO_MANY_UNIQUE_STATE_OBJECTS'
  
C:\Users\slava\source\repos\AkvariumMacros\AkvariumMacros\drawing\libs\Microsoft DirectX SDK\Include\d3d11.h(918,9): warning C4005: 'D3D11_ERROR_FILE_NOT_FOUND': macro redefinition
  (compiling source file 'drawing/overlay/overlay.cpp')
      C:\Program Files (x86)\Windows Kits\10\Include\10.0.26100.0\shared\winerror.h(59769,9):
      see previous definition of 'D3D11_ERROR_FILE_NOT_FOUND'
  
C:\Users\slava\source\repos\AkvariumMacros\AkvariumMacros\drawing\libs\Microsoft DirectX SDK\Include\d3d11.h(919,9): warning C4005: 'D3D11_ERROR_TOO_MANY_UNIQUE_VIEW_OBJECTS': macro redefinition
  (compiling source file 'drawing/overlay/overlay.cpp')
      C:\Program Files (x86)\Windows Kits\10\Include\10.0.26100.0\shared\winerror.h(59779,9):
      see previous definition of 'D3D11_ERROR_TOO_MANY_UNIQUE_VIEW_OBJECTS'
  
C:\Users\slava\source\repos\AkvariumMacros\AkvariumMacros\drawing\libs\Microsoft DirectX SDK\Include\d3d11.h(920,9): warning C4005: 'D3D11_ERROR_DEFERRED_CONTEXT_MAP_WITHOUT_INITIAL_DISCARD': macro redefinition
  (compiling source file 'drawing/overlay/overlay.cpp')
      C:\Program Files (x86)\Windows Kits\10\Include\10.0.26100.0\shared\winerror.h(59788,9):
      see previous definition of 'D3D11_ERROR_DEFERRED_CONTEXT_MAP_WITHOUT_INITIAL_DISCARD'
  
C:\Users\slava\source\repos\AkvariumMacros\AkvariumMacros\drawing\libs\Microsoft DirectX SDK\Include\d3d10.h(608,9): warning C4005: 'D3D10_ERROR_TOO_MANY_UNIQUE_STATE_OBJECTS': macro redefinition
  (compiling source file 'drawing/overlay/overlay.cpp')
      C:\Program Files (x86)\Windows Kits\10\Include\10.0.26100.0\shared\winerror.h(59736,9):
      see previous definition of 'D3D10_ERROR_TOO_MANY_UNIQUE_STATE_OBJECTS'
  
C:\Users\slava\source\repos\AkvariumMacros\AkvariumMacros\drawing\libs\Microsoft DirectX SDK\Include\d3d10.h(609,9): warning C4005: 'D3D10_ERROR_FILE_NOT_FOUND': macro redefinition
  (compiling source file 'drawing/overlay/overlay.cpp')
      C:\Program Files (x86)\Windows Kits\10\Include\10.0.26100.0\shared\winerror.h(59745,9):
      see previous definition of 'D3D10_ERROR_FILE_NOT_FOUND'
  
C:\Users\slava\source\repos\AkvariumMacros\AkvariumMacros\drawing\overlay\keybind\keybind.h(19,17): warning C4091: 'static ': ignored on left of 'keybind::c_keybind_type' when no variable is declared
  (compiling source file 'features/DoubleClick.cpp')
  
C:\Users\slava\source\repos\AkvariumMacros\AkvariumMacros\drawing\overlay\overlay.cpp(396,135): warning C4244: 'argument': conversion from 'double' to 'float', possible loss of data
C:\Users\slava\source\repos\AkvariumMacros\AkvariumMacros\drawing\overlay\overlay.cpp(396,75): warning C4244: 'argument': conversion from 'double' to 'float', possible loss of data
C:\Users\slava\source\repos\AkvariumMacros\AkvariumMacros\drawing\overlay\overlay.cpp(397,129): warning C4244: 'argument': conversion from 'double' to 'float', possible loss of data
C:\Users\slava\source\repos\AkvariumMacros\AkvariumMacros\drawing\overlay\overlay.cpp(397,69): warning C4244: 'argument': conversion from 'double' to 'float', possible loss of data
LINK : warning LNK4098: defaultlib 'LIBCMT' conflicts with use of other libs; use /NODEFAULTLIB:library
  Generating code
  Previous IPDB not found, fall back to full compilation.
  All 2980 functions were compiled because no usable IPDB/IOBJ from previous compilation was found.
  Finished generating code
  AkvariumMacros.vcxproj -> C:\Users\slava\source\repos\AkvariumMacros\release\AkvariumMacros.exe
