c:\users\slava\source\repos\akvariummacros\akvariummacros\x64\inters\imgui_toggle.obj
c:\users\slava\source\repos\akvariummacros\akvariummacros\x64\inters\overlay.obj
c:\users\slava\source\repos\akvariummacros\akvariummacros\x64\inters\imgui_impl_dx11.obj
c:\users\slava\source\repos\akvariummacros\akvariummacros\x64\inters\imgui_toggle_palette.obj
c:\users\slava\source\repos\akvariummacros\akvariummacros\x64\inters\detours.obj
c:\users\slava\source\repos\akvariummacros\akvariummacros\x64\inters\imgui_demo.obj
c:\users\slava\source\repos\akvariummacros\akvariummacros\x64\inters\keybind.obj
c:\users\slava\source\repos\akvariummacros\akvariummacros\x64\inters\imgui_tables.obj
c:\users\slava\source\repos\akvariummacros\akvariummacros\x64\inters\entry.obj
c:\users\slava\source\repos\akvariummacros\akvariummacros\x64\inters\imgui_addons.obj
c:\users\slava\source\repos\akvariummacros\akvariummacros\x64\inters\imadd.obj
c:\users\slava\source\repos\akvariummacros\akvariummacros\x64\inters\imgui_widgets.obj
c:\users\slava\source\repos\akvariummacros\akvariummacros\x64\inters\imgui_draw.obj
c:\users\slava\source\repos\akvariummacros\akvariummacros\x64\inters\classes.obj
c:\users\slava\source\repos\akvariummacros\akvariummacros\x64\inters\imgui.obj
c:\users\slava\source\repos\akvariummacros\akvariummacros\x64\inters\imgui_impl_win32.obj
c:\users\slava\source\repos\akvariummacros\akvariummacros\x64\inters\doubleclick.obj
c:\users\slava\source\repos\akvariummacros\akvariummacros\x64\inters\imgui_toggle_presets.obj
c:\users\slava\source\repos\akvariummacros\akvariummacros\x64\inters\imgui_freetype.obj
c:\users\slava\source\repos\akvariummacros\akvariummacros\x64\inters\imgui_toggle_renderer.obj
c:\users\slava\source\repos\akvariummacros\akvariummacros\x64\inters\texteditor.obj
c:\users\slava\source\repos\akvariummacros\akvariummacros\x64\inters\vc143.pdb
c:\users\slava\source\repos\akvariummacros\release\akvariummacros.exe
c:\users\slava\source\repos\akvariummacros\akvariummacros\x64\inters\akvariummacros.ipdb
c:\users\slava\source\repos\akvariummacros\akvariummacros\x64\inters\akvariummacros.iobj
c:\users\slava\source\repos\akvariummacros\akvariummacros\x64\inters\akvariummacros.tlog\cl.command.1.tlog
c:\users\slava\source\repos\akvariummacros\akvariummacros\x64\inters\akvariummacros.tlog\cl.items.tlog
c:\users\slava\source\repos\akvariummacros\akvariummacros\x64\inters\akvariummacros.tlog\cl.read.1.tlog
c:\users\slava\source\repos\akvariummacros\akvariummacros\x64\inters\akvariummacros.tlog\cl.write.1.tlog
c:\users\slava\source\repos\akvariummacros\akvariummacros\x64\inters\akvariummacros.tlog\link.command.1.tlog
c:\users\slava\source\repos\akvariummacros\akvariummacros\x64\inters\akvariummacros.tlog\link.read.1.tlog
c:\users\slava\source\repos\akvariummacros\akvariummacros\x64\inters\akvariummacros.tlog\link.secondary.1.tlog
c:\users\slava\source\repos\akvariummacros\akvariummacros\x64\inters\akvariummacros.tlog\link.write.1.tlog
